<?xml version="1.0" encoding="UTF-8"?>
<coverage generated="1661907000824" clover="3.2.0">
  <project timestamp="1661907000824" name="All files">
    <metrics statements="12" coveredstatements="11" conditionals="7" coveredconditionals="7" methods="6" coveredmethods="5" elements="25" coveredelements="23" complexity="0" loc="12" ncloc="12" packages="1" files="2" classes="2"/>
    <file name="multiply.ts" path="C:\projects\vitest-test\src\multiply.ts">
      <metrics statements="3" coveredstatements="3" conditionals="3" coveredconditionals="3" methods="2" coveredmethods="2"/>
      <line num="1" count="1" type="cond" truecount="1" falsecount="0"/>
      <line num="2" count="107" type="cond" truecount="1" falsecount="0"/>
      <line num="3" count="107" type="cond" truecount="1" falsecount="0"/>
    </file>
    <file name="sum.ts" path="C:\projects\vitest-test\src\sum.ts">
      <metrics statements="9" coveredstatements="8" conditionals="4" coveredconditionals="4" methods="4" coveredmethods="3"/>
      <line num="1" count="1" type="cond" truecount="1" falsecount="0"/>
      <line num="2" count="354" type="cond" truecount="1" falsecount="0"/>
      <line num="3" count="354" type="cond" truecount="1" falsecount="0"/>
      <line num="4" count="1" type="stmt"/>
      <line num="5" count="1" type="cond" truecount="1" falsecount="0"/>
      <line num="6" count="27" type="stmt"/>
      <line num="7" count="0" type="stmt"/>
      <line num="8" count="1" type="stmt"/>
      <line num="9" count="1" type="stmt"/>
    </file>
  </project>
</coverage>
